<?xml version="1.0" encoding="UTF-8"?>
<!-- Generated by org.testng.reporters.JUnitXMLReporter -->
<testsuite ignored="0" hostname="LAPTOP-JT7OLNTB" failures="0" tests="6" name="Test" time="8.845" errors="0" timestamp="2024-12-07T14:17:43 IST">
  <testcase classname="stockSummary.Stock_summary_general" name="@BeforeTest stock_Summary" time="8.771">
    <failure type="org.openqa.selenium.NoSuchWindowException" message="no such window: target window already closed
from unknown error: web view not found
  (Session info: chrome=131.0.6778.109)
Build info: version: &amp;apos;4.27.0&amp;apos;, revision: &amp;apos;d6e718d134&amp;apos;
System info: os.name: &amp;apos;Windows 11&amp;apos;, os.arch: &amp;apos;amd64&amp;apos;, os.version: &amp;apos;10.0&amp;apos;, java.version: &amp;apos;21.0.5&amp;apos;
Driver info: org.openqa.selenium.chrome.ChromeDriver
Command: [39c528f94cf339ed084e0c7ef58bc4d0, clickElement {id=f.4A614E6DE817BE50C0F732900D658F79.d.7E3B37C8D8AE93AAEB9B2CB7EEF38222.e.160}]
Capabilities {acceptInsecureCerts: false, browserName: chrome, browserVersion: 131.0.6778.109, chrome: {chromedriverVersion: 131.0.6778.87 (ce31cae94873..., userDataDir: C:\Users\mages\AppData\Loca...}, fedcm:accounts: true, goog:chromeOptions: {debuggerAddress: localhost:65112}, networkConnectionEnabled: false, pageLoadStrategy: normal, platformName: windows, proxy: Proxy(), se:cdp: ws://localhost:65112/devtoo..., se:cdpVersion: 131.0.6778.109, setWindowRect: true, strictFileInteractability: false, timeouts: {implicit: 0, pageLoad: 300000, script: 30000}, unhandledPromptBehavior: dismiss and notify, webauthn:extension:credBlob: true, webauthn:extension:largeBlob: true, webauthn:extension:minPinLength: true, webauthn:extension:prf: true, webauthn:virtualAuthenticators: true}
Element: [[ChromeDriver: chrome on windows (39c528f94cf339ed084e0c7ef58bc4d0)] -&amp;gt; xpath: //*[@id=&amp;quot;submit1&amp;quot;]]
Session ID: 39c528f94cf339ed084e0c7ef58bc4d0">
      <![CDATA[org.openqa.selenium.NoSuchWindowException: no such window: target window already closed
from unknown error: web view not found
  (Session info: chrome=131.0.6778.109)
Build info: version: '4.27.0', revision: 'd6e718d134'
System info: os.name: 'Windows 11', os.arch: 'amd64', os.version: '10.0', java.version: '21.0.5'
Driver info: org.openqa.selenium.chrome.ChromeDriver
Command: [39c528f94cf339ed084e0c7ef58bc4d0, clickElement {id=f.4A614E6DE817BE50C0F732900D658F79.d.7E3B37C8D8AE93AAEB9B2CB7EEF38222.e.160}]
Capabilities {acceptInsecureCerts: false, browserName: chrome, browserVersion: 131.0.6778.109, chrome: {chromedriverVersion: 131.0.6778.87 (ce31cae94873..., userDataDir: C:\Users\mages\AppData\Loca...}, fedcm:accounts: true, goog:chromeOptions: {debuggerAddress: localhost:65112}, networkConnectionEnabled: false, pageLoadStrategy: normal, platformName: windows, proxy: Proxy(), se:cdp: ws://localhost:65112/devtoo..., se:cdpVersion: 131.0.6778.109, setWindowRect: true, strictFileInteractability: false, timeouts: {implicit: 0, pageLoad: 300000, script: 30000}, unhandledPromptBehavior: dismiss and notify, webauthn:extension:credBlob: true, webauthn:extension:largeBlob: true, webauthn:extension:minPinLength: true, webauthn:extension:prf: true, webauthn:virtualAuthenticators: true}
Element: [[ChromeDriver: chrome on windows (39c528f94cf339ed084e0c7ef58bc4d0)] -> xpath: //*[@id="submit1"]]
Session ID: 39c528f94cf339ed084e0c7ef58bc4d0
at org.openqa.selenium.remote.ErrorCodec.decode(ErrorCodec.java:167)
at org.openqa.selenium.remote.codec.w3c.W3CHttpResponseCodec.decode(W3CHttpResponseCodec.java:138)
at org.openqa.selenium.remote.codec.w3c.W3CHttpResponseCodec.decode(W3CHttpResponseCodec.java:50)
at org.openqa.selenium.remote.HttpCommandExecutor.execute(HttpCommandExecutor.java:190)
at org.openqa.selenium.remote.service.DriverCommandExecutor.invokeExecute(DriverCommandExecutor.java:216)
at org.openqa.selenium.remote.service.DriverCommandExecutor.execute(DriverCommandExecutor.java:174)
at org.openqa.selenium.remote.RemoteWebDriver.execute(RemoteWebDriver.java:545)
at org.openqa.selenium.remote.RemoteWebElement.execute(RemoteWebElement.java:223)
at org.openqa.selenium.remote.RemoteWebElement.click(RemoteWebElement.java:76)
at stockSummary.Stock_summary_general.stock_Summary(Stock_summary_general.java:86)
... Removed 29 stack frames]]>
    </failure>
  </testcase> <!-- @BeforeTest stock_Summary -->
  <testcase classname="stockSummary.Stock_summary_general" name="@AfterTest tearDown" time="0.0">
    <skipped/>
  </testcase> <!-- @AfterTest tearDown -->
  <testcase classname="stockSummary.Stock_summary_general" name="xpath" time="0.0">
    <skipped/>
  </testcase> <!-- xpath -->
  <testcase classname="stockSummary.Stock_summary_general" name="xpath" time="0.0">
    <skipped/>
  </testcase> <!-- xpath -->
  <testcase classname="stockSummary.Stock_summary_general" name="xpath" time="0.0">
    <skipped/>
  </testcase> <!-- xpath -->
  <testcase classname="stockSummary.Stock_summary_general" name="xpath" time="0.0">
    <skipped/>
  </testcase> <!-- xpath -->
  <testcase classname="stockSummary.Stock_summary_general" name="xpath" time="0.0">
    <skipped/>
  </testcase> <!-- xpath -->
  <testcase classname="stockSummary.Stock_summary_general" name="xpath" time="0.0">
    <skipped/>
  </testcase> <!-- xpath -->
</testsuite> <!-- Test -->
